<?xml version="1.0" encoding="UTF-8"?>
<!-- Generated by org.testng.reporters.JUnitXMLReporter -->
<testsuite hostname="DESKTOP-R5TRKDP" ignored="0" name="Test" tests="4" failures="0" timestamp="13 Aug 2019 01:05:32 GMT" time="182.639" errors="0">
  <testcase name="Login_with_valid_credentials" time="15.538" classname="testcases.Login"/>
  <testcase name="Edit_MyProfile" time="80.503" classname="testcases.MyProfile"/>
  <testcase name="Forget_Password" time="16.653" classname="testcases.ForgetPassword"/>
  <testcase name="Login_with_valid_credentials" time="50.393" classname="testcases.Submit_Customer_Form"/>
</testsuite> <!-- Test -->
