<?xml version="1.0" encoding="UTF-8"?>
<!-- Generated by org.testng.reporters.JUnitXMLReporter -->
<testsuite hostname="DESKTOP-R5TRKDP" ignored="0" name="Test" tests="5" failures="0" timestamp="14 Aug 2019 00:42:28 GMT" time="296.861" errors="0">
  <testcase name="Forget_Password" time="20.437" classname="testcases.ForgetPassword"/>
  <testcase name="Change_Password" time="62.725" classname="testcases.ChangePassword"/>
  <testcase name="Submit_Form" time="73.553" classname="testcases.Submit_Customer_Form"/>
  <testcase name="Login_with_valid_credentials" time="23.489" classname="testcases.Login"/>
  <testcase name="Edit_MyProfile" time="93.453" classname="testcases.MyProfile"/>
</testsuite> <!-- Test -->
